<?xml version="1.0" encoding="utf-8"?><testsuites name="pytest tests"><testsuite name="pytest" errors="0" failures="0" skipped="0" tests="16" time="23.466" timestamp="2026-02-09T10:08:49.084292+00:00" hostname="agent-env-7b5b5999-cea7-49c5-9eb4-7d3b37dfafd9"><testcase classname="backend.tests.test_configurable_settings.TestConfigurableReadingSpeed" name="test_default_wpm_180" time="1.125" /><testcase classname="backend.tests.test_configurable_settings.TestConfigurableReadingSpeed" name="test_slow_reading_speed_150_wpm" time="0.936" /><testcase classname="backend.tests.test_configurable_settings.TestConfigurableReadingSpeed" name="test_normal_reading_speed_180_wpm" time="1.283" /><testcase classname="backend.tests.test_configurable_settings.TestConfigurableReadingSpeed" name="test_fast_reading_speed_210_wpm" time="1.025" /><testcase classname="backend.tests.test_configurable_settings.TestConfigurableReadingSpeed" name="test_reading_time_changes_with_wpm" time="5.518" /><testcase classname="backend.tests.test_configurable_settings.TestConfigurableAnswerTime" name="test_default_answer_time_35" time="0.838" /><testcase classname="backend.tests.test_configurable_settings.TestConfigurableAnswerTime" name="test_custom_answer_time_15" time="1.020" /><testcase classname="backend.tests.test_configurable_settings.TestConfigurableAnswerTime" name="test_custom_answer_time_45" time="0.845" /><testcase classname="backend.tests.test_configurable_settings.TestConfigurableAnswerTime" name="test_custom_answer_time_90" time="0.830" /><testcase classname="backend.tests.test_configurable_settings.TestConfigurableAnswerTime" name="test_question_time_changes_with_answer_time" time="3.444" /><testcase classname="backend.tests.test_configurable_settings.TestCombinedSettings" name="test_combined_slow_reading_long_answer" time="1.290" /><testcase classname="backend.tests.test_configurable_settings.TestCombinedSettings" name="test_combined_fast_reading_short_answer" time="1.080" /><testcase classname="backend.tests.test_configurable_settings.TestParameterValidation" name="test_invalid_wpm_too_low" time="0.776" /><testcase classname="backend.tests.test_configurable_settings.TestParameterValidation" name="test_invalid_wpm_too_high" time="1.190" /><testcase classname="backend.tests.test_configurable_settings.TestParameterValidation" name="test_invalid_answer_time_too_low" time="0.879" /><testcase classname="backend.tests.test_configurable_settings.TestParameterValidation" name="test_invalid_answer_time_too_high" time="1.206" /></testsuite></testsuites>