<?xml version="1.0" encoding="utf-8"?><testsuites name="pytest tests"><testsuite name="pytest" errors="0" failures="0" skipped="0" tests="8" time="4.007" timestamp="2026-02-08T19:03:11.758604+00:00" hostname="agent-env-37118418-b528-4c7b-8415-ca9e7e54fe21"><testcase classname="backend.tests.test_pdf_analysis.TestAPIHealth" name="test_api_root" time="0.486" /><testcase classname="backend.tests.test_pdf_analysis.TestAPIHealth" name="test_status_endpoint" time="0.458" /><testcase classname="backend.tests.test_pdf_analysis.TestPDFAnalysis" name="test_analyze_pdf_with_test_questions" time="0.353" /><testcase classname="backend.tests.test_pdf_analysis.TestPDFAnalysis" name="test_analyze_pdf_with_que_responderias" time="0.463" /><testcase classname="backend.tests.test_pdf_analysis.TestPDFAnalysis" name="test_reject_non_pdf_file" time="0.343" /><testcase classname="backend.tests.test_pdf_analysis.TestPDFAnalysis" name="test_reading_time_calculation" time="0.450" /><testcase classname="backend.tests.test_pdf_analysis.TestPDFAnalysis" name="test_question_time_calculation" time="0.448" /><testcase classname="backend.tests.test_pdf_analysis.TestAnalysesEndpoint" name="test_get_analyses" time="0.806" /></testsuite></testsuites>