<?xml version="1.0" encoding="utf-8"?><testsuites name="pytest tests"><testsuite name="pytest" errors="0" failures="1" skipped="0" tests="40" time="24.417" timestamp="2026-02-11T11:46:39.090219+00:00" hostname="agent-env-376c9c49-aa99-46e1-a72a-1eea4d018023"><testcase classname="backend.tests.test_configurable_settings.TestConfigurableReadingSpeed" name="test_default_wpm_180" time="0.951" /><testcase classname="backend.tests.test_configurable_settings.TestConfigurableReadingSpeed" name="test_slow_reading_speed_150_wpm" time="0.910" /><testcase classname="backend.tests.test_configurable_settings.TestConfigurableReadingSpeed" name="test_normal_reading_speed_180_wpm" time="1.012" /><testcase classname="backend.tests.test_configurable_settings.TestConfigurableReadingSpeed" name="test_fast_reading_speed_210_wpm" time="0.915" /><testcase classname="backend.tests.test_configurable_settings.TestConfigurableReadingSpeed" name="test_reading_time_changes_with_wpm" time="2.939" /><testcase classname="backend.tests.test_configurable_settings.TestConfigurableAnswerTime" name="test_default_answer_time_35" time="1.016" /><testcase classname="backend.tests.test_configurable_settings.TestConfigurableAnswerTime" name="test_custom_answer_time_15" time="0.908" /><testcase classname="backend.tests.test_configurable_settings.TestConfigurableAnswerTime" name="test_custom_answer_time_45" time="0.909" /><testcase classname="backend.tests.test_configurable_settings.TestConfigurableAnswerTime" name="test_custom_answer_time_90" time="0.915" /><testcase classname="backend.tests.test_configurable_settings.TestConfigurableAnswerTime" name="test_question_time_changes_with_answer_time" time="3.488" /><testcase classname="backend.tests.test_configurable_settings.TestCombinedSettings" name="test_combined_slow_reading_long_answer" time="0.830" /><testcase classname="backend.tests.test_configurable_settings.TestCombinedSettings" name="test_combined_fast_reading_short_answer" time="1.003" /><testcase classname="backend.tests.test_configurable_settings.TestParameterValidation" name="test_invalid_wpm_too_low" time="0.859" /><testcase classname="backend.tests.test_configurable_settings.TestParameterValidation" name="test_invalid_wpm_too_high" time="0.792" /><testcase classname="backend.tests.test_configurable_settings.TestParameterValidation" name="test_invalid_answer_time_too_low" time="0.775" /><testcase classname="backend.tests.test_configurable_settings.TestParameterValidation" name="test_invalid_answer_time_too_high" time="0.854" /><testcase classname="backend.tests.test_parenthesis_extraction.TestExtractQuestionWithParenthesis" name="test_vea_tambien_image_type" time="0.000" /><testcase classname="backend.tests.test_parenthesis_extraction.TestExtractQuestionWithParenthesis" name="test_vea_la_ilustracion_image_type" time="0.000" /><testcase classname="backend.tests.test_parenthesis_extraction.TestExtractQuestionWithParenthesis" name="test_vea_el_recuadro_image_type" time="0.000" /><testcase classname="backend.tests.test_parenthesis_extraction.TestExtractQuestionWithParenthesis" name="test_bible_reference_scripture_type" time="0.000" /><testcase classname="backend.tests.test_parenthesis_extraction.TestExtractQuestionWithParenthesis" name="test_salmos_reference_scripture_type" time="0.000" /><testcase classname="backend.tests.test_parenthesis_extraction.TestExtractQuestionWithParenthesis" name="test_proverbios_reference_scripture_type" time="0.000" /><testcase classname="backend.tests.test_parenthesis_extraction.TestExtractQuestionWithParenthesis" name="test_no_parenthesis_empty_fields" time="0.000" /><testcase classname="backend.tests.test_parenthesis_extraction.TestExtractQuestionWithParenthesis" name="test_short_parenthesis_captured" time="0.000" /><testcase classname="backend.tests.test_parenthesis_extraction.TestExtractQuestionWithParenthesis" name="test_parenthesis_in_middle_of_question" time="0.000" /><testcase classname="backend.tests.test_parenthesis_extraction.TestCreateQuestionInfo" name="test_creates_question_info_with_image_type" time="0.000" /><testcase classname="backend.tests.test_parenthesis_extraction.TestCreateQuestionInfo" name="test_creates_question_info_with_scripture_type" time="0.000" /><testcase classname="backend.tests.test_parenthesis_extraction.TestCreateQuestionInfo" name="test_creates_question_info_without_parenthesis" time="0.000" /><testcase classname="backend.tests.test_parenthesis_extraction.TestAPIResponseFields" name="test_api_returns_parenthesis_fields" time="1.006" /><testcase classname="backend.tests.test_parenthesis_extraction.TestAPIResponseFields" name="test_question_info_model_has_fields" time="0.000" /><testcase classname="backend.tests.test_parenthesis_extraction.TestContentTypeClassification" name="test_vea_variations" time="0.000" /><testcase classname="backend.tests.test_parenthesis_extraction.TestContentTypeClassification" name="test_bible_book_variations" time="0.000" /><testcase classname="backend.tests.test_pdf_analysis.TestAPIHealth" name="test_api_root" time="0.443" /><testcase classname="backend.tests.test_pdf_analysis.TestAPIHealth" name="test_status_endpoint" time="0.340" /><testcase classname="backend.tests.test_pdf_analysis.TestPDFAnalysis" name="test_analyze_pdf_with_test_questions" time="0.456" /><testcase classname="backend.tests.test_pdf_analysis.TestPDFAnalysis" name="test_analyze_pdf_with_que_responderias" time="0.221"><failure message="assert 520 == 200&#10; +  where 520 = &lt;Response [520]&gt;.status_code">backend/tests/test_pdf_analysis.py:90: in test_analyze_pdf_with_que_responderias
    assert response.status_code == 200
E   assert 520 == 200
E    +  where 520 = &lt;Response [520]&gt;.status_code</failure></testcase><testcase classname="backend.tests.test_pdf_analysis.TestPDFAnalysis" name="test_reject_non_pdf_file" time="0.668" /><testcase classname="backend.tests.test_pdf_analysis.TestPDFAnalysis" name="test_reading_time_calculation" time="0.471" /><testcase classname="backend.tests.test_pdf_analysis.TestPDFAnalysis" name="test_question_time_calculation" time="0.345" /><testcase classname="backend.tests.test_pdf_analysis.TestAnalysesEndpoint" name="test_get_analyses" time="0.940" /></testsuite></testsuites>